
[notice] A new release of pip is available: 23.2.1 -> 24.2
[notice] To update, run: pip install --upgrade pip

[notice] A new release of pip is available: 23.2.1 -> 24.2
[notice] To update, run: pip install --upgrade pip

[notice] A new release of pip is available: 23.2.1 -> 24.2
[notice] To update, run: pip install --upgrade pip

[notice] A new release of pip is available: 23.2.1 -> 24.2
[notice] To update, run: pip install --upgrade pip
/home/l.peiwang/liuenv/lib/python3.10/site-packages/nilearn/input_data/__init__.py:23: FutureWarning: The import path 'nilearn.input_data' is deprecated in version 0.9. Importing from 'nilearn.input_data' will be possible at least until release 0.13.0. Please import from 'nilearn.maskers' instead.
  warnings.warn(message, FutureWarning)
2024-10-10 18:54:21,921	INFO worker.py:1786 -- Started a local Ray instance.
2024-10-10 18:54:27,311	WARNING tune.py:821 -- You have passed a `SearchGenerator` instance as the `search_alg`, but `max_concurrent_trials` requires a `Searcher` instance`. `max_concurrent_trials` will be ignored.
[36m(pid=2361227)[0m /home/l.peiwang/liuenv/lib/python3.10/site-packages/nilearn/input_data/__init__.py:23: FutureWarning: The import path 'nilearn.input_data' is deprecated in version 0.9. Importing from 'nilearn.input_data' will be possible at least until release 0.13.0. Please import from 'nilearn.maskers' instead.
[36m(pid=2361227)[0m   warnings.warn(message, FutureWarning)
[36m(train pid=2361227)[0m 2024-10-10 18:54:32.646979: I tensorflow/core/platform/cpu_feature_guard.cc:151] This TensorFlow binary is optimized with oneAPI Deep Neural Network Library (oneDNN) to use the following CPU instructions in performance-critical operations:  AVX2 AVX512F FMA
[36m(train pid=2361227)[0m To enable them in other operations, rebuild TensorFlow with the appropriate compiler flags.
[36m(train pid=2361227)[0m 2024-10-10 18:54:33.313733: I tensorflow/core/common_runtime/gpu/gpu_device.cc:1525] Created device /job:localhost/replica:0/task:0/device:GPU:0 with 30989 MB memory:  -> device: 0, name: Tesla V100-PCIE-32GB, pci bus id: 0000:3d:00.0, compute capability: 7.0
[36m(train pid=2361228)[0m 2024-10-10 18:54:42.326380: I tensorflow/stream_executor/cuda/cuda_dnn.cc:368] Loaded cuDNN version 8101
[36m(pid=2361228)[0m /home/l.peiwang/liuenv/lib/python3.10/site-packages/nilearn/input_data/__init__.py:23: FutureWarning: The import path 'nilearn.input_data' is deprecated in version 0.9. Importing from 'nilearn.input_data' will be possible at least until release 0.13.0. Please import from 'nilearn.maskers' instead.
[36m(pid=2361228)[0m   warnings.warn(message, FutureWarning)
[36m(train pid=2361228)[0m 2024-10-10 18:54:32.703759: I tensorflow/core/platform/cpu_feature_guard.cc:151] This TensorFlow binary is optimized with oneAPI Deep Neural Network Library (oneDNN) to use the following CPU instructions in performance-critical operations:  AVX2 AVX512F FMA
[36m(train pid=2361228)[0m To enable them in other operations, rebuild TensorFlow with the appropriate compiler flags.
[36m(train pid=2361228)[0m 2024-10-10 18:54:33.343580: I tensorflow/core/common_runtime/gpu/gpu_device.cc:1525] Created device /job:localhost/replica:0/task:0/device:GPU:0 with 30989 MB memory:  -> device: 0, name: Tesla V100-PCIE-32GB, pci bus id: 0000:3e:00.0, compute capability: 7.0
[36m(train pid=2361227)[0m 2024-10-10 18:54:48.328358: I tensorflow/stream_executor/cuda/cuda_dnn.cc:368] Loaded cuDNN version 8101
[36m(train pid=2361227)[0m Checkpoint successfully created at: Checkpoint(filesystem=local, path=/home/l.peiwang/Modality_Comparison_AD/ray_result/ray_tune_experiment_fold_1/train_fbccf_00000_0_batch_size=8,dropout_rate=0.0969,flip_prob=0.0004,l2_reg=0.0000,learning_rate=0.0003,rotate_prob=0.1593_2024-10-10_18-54-27/checkpoint_000000)
[36m(train pid=2361228)[0m Checkpoint successfully created at: Checkpoint(filesystem=local, path=/home/l.peiwang/Modality_Comparison_AD/ray_result/ray_tune_experiment_fold_1/train_fbccf_00001_1_batch_size=4,dropout_rate=0.3613,flip_prob=0.3075,l2_reg=0.0000,learning_rate=0.0000,rotate_prob=0.3598_2024-10-10_18-54-27/checkpoint_000001)[32m [repeated 2x across cluster] (Ray deduplicates logs by default. Set RAY_DEDUP_LOGS=0 to disable log deduplication, or see https://docs.ray.io/en/master/ray-observability/user-guides/configure-logging.html#log-deduplication for more options.)[0m
[36m(train pid=2361227)[0m Checkpoint successfully created at: Checkpoint(filesystem=local, path=/home/l.peiwang/Modality_Comparison_AD/ray_result/ray_tune_experiment_fold_1/train_fbccf_00000_0_batch_size=8,dropout_rate=0.0969,flip_prob=0.0004,l2_reg=0.0000,learning_rate=0.0003,rotate_prob=0.1593_2024-10-10_18-54-27/checkpoint_000002)[32m [repeated 2x across cluster][0m
[36m(train pid=2361227)[0m Checkpoint successfully created at: Checkpoint(filesystem=local, path=/home/l.peiwang/Modality_Comparison_AD/ray_result/ray_tune_experiment_fold_1/train_fbccf_00000_0_batch_size=8,dropout_rate=0.0969,flip_prob=0.0004,l2_reg=0.0000,learning_rate=0.0003,rotate_prob=0.1593_2024-10-10_18-54-27/checkpoint_000003)[32m [repeated 2x across cluster][0m
[36m(train pid=2361228)[0m Checkpoint successfully created at: Checkpoint(filesystem=local, path=/home/l.peiwang/Modality_Comparison_AD/ray_result/ray_tune_experiment_fold_1/train_fbccf_00001_1_batch_size=4,dropout_rate=0.3613,flip_prob=0.3075,l2_reg=0.0000,learning_rate=0.0000,rotate_prob=0.3598_2024-10-10_18-54-27/checkpoint_000003)
[36m(train pid=2361227)[0m Checkpoint successfully created at: Checkpoint(filesystem=local, path=/home/l.peiwang/Modality_Comparison_AD/ray_result/ray_tune_experiment_fold_1/train_fbccf_00000_0_batch_size=8,dropout_rate=0.0969,flip_prob=0.0004,l2_reg=0.0000,learning_rate=0.0003,rotate_prob=0.1593_2024-10-10_18-54-27/checkpoint_000004)
[36m(train pid=2361228)[0m Checkpoint successfully created at: Checkpoint(filesystem=local, path=/home/l.peiwang/Modality_Comparison_AD/ray_result/ray_tune_experiment_fold_1/train_fbccf_00001_1_batch_size=4,dropout_rate=0.3613,flip_prob=0.3075,l2_reg=0.0000,learning_rate=0.0000,rotate_prob=0.3598_2024-10-10_18-54-27/checkpoint_000004)
[36m(train pid=2361227)[0m Checkpoint successfully created at: Checkpoint(filesystem=local, path=/home/l.peiwang/Modality_Comparison_AD/ray_result/ray_tune_experiment_fold_1/train_fbccf_00000_0_batch_size=8,dropout_rate=0.0969,flip_prob=0.0004,l2_reg=0.0000,learning_rate=0.0003,rotate_prob=0.1593_2024-10-10_18-54-27/checkpoint_000005)
[36m(train pid=2361228)[0m Checkpoint successfully created at: Checkpoint(filesystem=local, path=/home/l.peiwang/Modality_Comparison_AD/ray_result/ray_tune_experiment_fold_1/train_fbccf_00001_1_batch_size=4,dropout_rate=0.3613,flip_prob=0.3075,l2_reg=0.0000,learning_rate=0.0000,rotate_prob=0.3598_2024-10-10_18-54-27/checkpoint_000005)
[36m(train pid=2361227)[0m Checkpoint successfully created at: Checkpoint(filesystem=local, path=/home/l.peiwang/Modality_Comparison_AD/ray_result/ray_tune_experiment_fold_1/train_fbccf_00000_0_batch_size=8,dropout_rate=0.0969,flip_prob=0.0004,l2_reg=0.0000,learning_rate=0.0003,rotate_prob=0.1593_2024-10-10_18-54-27/checkpoint_000006)
[36m(train pid=2361228)[0m Checkpoint successfully created at: Checkpoint(filesystem=local, path=/home/l.peiwang/Modality_Comparison_AD/ray_result/ray_tune_experiment_fold_1/train_fbccf_00001_1_batch_size=4,dropout_rate=0.3613,flip_prob=0.3075,l2_reg=0.0000,learning_rate=0.0000,rotate_prob=0.3598_2024-10-10_18-54-27/checkpoint_000006)
[36m(train pid=2361227)[0m Checkpoint successfully created at: Checkpoint(filesystem=local, path=/home/l.peiwang/Modality_Comparison_AD/ray_result/ray_tune_experiment_fold_1/train_fbccf_00000_0_batch_size=8,dropout_rate=0.0969,flip_prob=0.0004,l2_reg=0.0000,learning_rate=0.0003,rotate_prob=0.1593_2024-10-10_18-54-27/checkpoint_000007)
[36m(train pid=2361228)[0m Checkpoint successfully created at: Checkpoint(filesystem=local, path=/home/l.peiwang/Modality_Comparison_AD/ray_result/ray_tune_experiment_fold_1/train_fbccf_00001_1_batch_size=4,dropout_rate=0.3613,flip_prob=0.3075,l2_reg=0.0000,learning_rate=0.0000,rotate_prob=0.3598_2024-10-10_18-54-27/checkpoint_000007)
[36m(train pid=2361227)[0m Checkpoint successfully created at: Checkpoint(filesystem=local, path=/home/l.peiwang/Modality_Comparison_AD/ray_result/ray_tune_experiment_fold_1/train_fbccf_00000_0_batch_size=8,dropout_rate=0.0969,flip_prob=0.0004,l2_reg=0.0000,learning_rate=0.0003,rotate_prob=0.1593_2024-10-10_18-54-27/checkpoint_000008)
[36m(train pid=2361228)[0m Checkpoint successfully created at: Checkpoint(filesystem=local, path=/home/l.peiwang/Modality_Comparison_AD/ray_result/ray_tune_experiment_fold_1/train_fbccf_00001_1_batch_size=4,dropout_rate=0.3613,flip_prob=0.3075,l2_reg=0.0000,learning_rate=0.0000,rotate_prob=0.3598_2024-10-10_18-54-27/checkpoint_000008)
[36m(train pid=2361227)[0m Checkpoint successfully created at: Checkpoint(filesystem=local, path=/home/l.peiwang/Modality_Comparison_AD/ray_result/ray_tune_experiment_fold_1/train_fbccf_00000_0_batch_size=8,dropout_rate=0.0969,flip_prob=0.0004,l2_reg=0.0000,learning_rate=0.0003,rotate_prob=0.1593_2024-10-10_18-54-27/checkpoint_000009)
[36m(train pid=2361228)[0m Checkpoint successfully created at: Checkpoint(filesystem=local, path=/home/l.peiwang/Modality_Comparison_AD/ray_result/ray_tune_experiment_fold_1/train_fbccf_00001_1_batch_size=4,dropout_rate=0.3613,flip_prob=0.3075,l2_reg=0.0000,learning_rate=0.0000,rotate_prob=0.3598_2024-10-10_18-54-27/checkpoint_000009)
[36m(train pid=2361227)[0m Checkpoint successfully created at: Checkpoint(filesystem=local, path=/home/l.peiwang/Modality_Comparison_AD/ray_result/ray_tune_experiment_fold_1/train_fbccf_00000_0_batch_size=8,dropout_rate=0.0969,flip_prob=0.0004,l2_reg=0.0000,learning_rate=0.0003,rotate_prob=0.1593_2024-10-10_18-54-27/checkpoint_000010)
[36m(train pid=2361228)[0m Checkpoint successfully created at: Checkpoint(filesystem=local, path=/home/l.peiwang/Modality_Comparison_AD/ray_result/ray_tune_experiment_fold_1/train_fbccf_00001_1_batch_size=4,dropout_rate=0.3613,flip_prob=0.3075,l2_reg=0.0000,learning_rate=0.0000,rotate_prob=0.3598_2024-10-10_18-54-27/checkpoint_000010)
[36m(train pid=2361227)[0m Checkpoint successfully created at: Checkpoint(filesystem=local, path=/home/l.peiwang/Modality_Comparison_AD/ray_result/ray_tune_experiment_fold_1/train_fbccf_00000_0_batch_size=8,dropout_rate=0.0969,flip_prob=0.0004,l2_reg=0.0000,learning_rate=0.0003,rotate_prob=0.1593_2024-10-10_18-54-27/checkpoint_000011)
[36m(train pid=2361228)[0m Checkpoint successfully created at: Checkpoint(filesystem=local, path=/home/l.peiwang/Modality_Comparison_AD/ray_result/ray_tune_experiment_fold_1/train_fbccf_00001_1_batch_size=4,dropout_rate=0.3613,flip_prob=0.3075,l2_reg=0.0000,learning_rate=0.0000,rotate_prob=0.3598_2024-10-10_18-54-27/checkpoint_000011)
[36m(train pid=2361227)[0m Checkpoint successfully created at: Checkpoint(filesystem=local, path=/home/l.peiwang/Modality_Comparison_AD/ray_result/ray_tune_experiment_fold_1/train_fbccf_00000_0_batch_size=8,dropout_rate=0.0969,flip_prob=0.0004,l2_reg=0.0000,learning_rate=0.0003,rotate_prob=0.1593_2024-10-10_18-54-27/checkpoint_000012)
[36m(train pid=2361228)[0m Checkpoint successfully created at: Checkpoint(filesystem=local, path=/home/l.peiwang/Modality_Comparison_AD/ray_result/ray_tune_experiment_fold_1/train_fbccf_00001_1_batch_size=4,dropout_rate=0.3613,flip_prob=0.3075,l2_reg=0.0000,learning_rate=0.0000,rotate_prob=0.3598_2024-10-10_18-54-27/checkpoint_000012)
[36m(train pid=2361227)[0m Checkpoint successfully created at: Checkpoint(filesystem=local, path=/home/l.peiwang/Modality_Comparison_AD/ray_result/ray_tune_experiment_fold_1/train_fbccf_00000_0_batch_size=8,dropout_rate=0.0969,flip_prob=0.0004,l2_reg=0.0000,learning_rate=0.0003,rotate_prob=0.1593_2024-10-10_18-54-27/checkpoint_000013)
[36m(train pid=2361228)[0m Checkpoint successfully created at: Checkpoint(filesystem=local, path=/home/l.peiwang/Modality_Comparison_AD/ray_result/ray_tune_experiment_fold_1/train_fbccf_00001_1_batch_size=4,dropout_rate=0.3613,flip_prob=0.3075,l2_reg=0.0000,learning_rate=0.0000,rotate_prob=0.3598_2024-10-10_18-54-27/checkpoint_000013)
[36m(train pid=2361227)[0m Checkpoint successfully created at: Checkpoint(filesystem=local, path=/home/l.peiwang/Modality_Comparison_AD/ray_result/ray_tune_experiment_fold_1/train_fbccf_00000_0_batch_size=8,dropout_rate=0.0969,flip_prob=0.0004,l2_reg=0.0000,learning_rate=0.0003,rotate_prob=0.1593_2024-10-10_18-54-27/checkpoint_000014)
[36m(train pid=2361228)[0m Checkpoint successfully created at: Checkpoint(filesystem=local, path=/home/l.peiwang/Modality_Comparison_AD/ray_result/ray_tune_experiment_fold_1/train_fbccf_00001_1_batch_size=4,dropout_rate=0.3613,flip_prob=0.3075,l2_reg=0.0000,learning_rate=0.0000,rotate_prob=0.3598_2024-10-10_18-54-27/checkpoint_000014)
[36m(train pid=2361227)[0m Checkpoint successfully created at: Checkpoint(filesystem=local, path=/home/l.peiwang/Modality_Comparison_AD/ray_result/ray_tune_experiment_fold_1/train_fbccf_00000_0_batch_size=8,dropout_rate=0.0969,flip_prob=0.0004,l2_reg=0.0000,learning_rate=0.0003,rotate_prob=0.1593_2024-10-10_18-54-27/checkpoint_000015)
[36m(train pid=2361228)[0m Checkpoint successfully created at: Checkpoint(filesystem=local, path=/home/l.peiwang/Modality_Comparison_AD/ray_result/ray_tune_experiment_fold_1/train_fbccf_00001_1_batch_size=4,dropout_rate=0.3613,flip_prob=0.3075,l2_reg=0.0000,learning_rate=0.0000,rotate_prob=0.3598_2024-10-10_18-54-27/checkpoint_000015)
[36m(train pid=2361227)[0m Checkpoint successfully created at: Checkpoint(filesystem=local, path=/home/l.peiwang/Modality_Comparison_AD/ray_result/ray_tune_experiment_fold_1/train_fbccf_00000_0_batch_size=8,dropout_rate=0.0969,flip_prob=0.0004,l2_reg=0.0000,learning_rate=0.0003,rotate_prob=0.1593_2024-10-10_18-54-27/checkpoint_000016)
[36m(train pid=2361228)[0m Checkpoint successfully created at: Checkpoint(filesystem=local, path=/home/l.peiwang/Modality_Comparison_AD/ray_result/ray_tune_experiment_fold_1/train_fbccf_00001_1_batch_size=4,dropout_rate=0.3613,flip_prob=0.3075,l2_reg=0.0000,learning_rate=0.0000,rotate_prob=0.3598_2024-10-10_18-54-27/checkpoint_000016)
[36m(train pid=2361227)[0m Checkpoint successfully created at: Checkpoint(filesystem=local, path=/home/l.peiwang/Modality_Comparison_AD/ray_result/ray_tune_experiment_fold_1/train_fbccf_00000_0_batch_size=8,dropout_rate=0.0969,flip_prob=0.0004,l2_reg=0.0000,learning_rate=0.0003,rotate_prob=0.1593_2024-10-10_18-54-27/checkpoint_000017)
[36m(train pid=2361228)[0m Checkpoint successfully created at: Checkpoint(filesystem=local, path=/home/l.peiwang/Modality_Comparison_AD/ray_result/ray_tune_experiment_fold_1/train_fbccf_00001_1_batch_size=4,dropout_rate=0.3613,flip_prob=0.3075,l2_reg=0.0000,learning_rate=0.0000,rotate_prob=0.3598_2024-10-10_18-54-27/checkpoint_000017)
[36m(train pid=2361227)[0m Checkpoint successfully created at: Checkpoint(filesystem=local, path=/home/l.peiwang/Modality_Comparison_AD/ray_result/ray_tune_experiment_fold_1/train_fbccf_00000_0_batch_size=8,dropout_rate=0.0969,flip_prob=0.0004,l2_reg=0.0000,learning_rate=0.0003,rotate_prob=0.1593_2024-10-10_18-54-27/checkpoint_000018)
[36m(train pid=2361228)[0m Checkpoint successfully created at: Checkpoint(filesystem=local, path=/home/l.peiwang/Modality_Comparison_AD/ray_result/ray_tune_experiment_fold_1/train_fbccf_00001_1_batch_size=4,dropout_rate=0.3613,flip_prob=0.3075,l2_reg=0.0000,learning_rate=0.0000,rotate_prob=0.3598_2024-10-10_18-54-27/checkpoint_000018)
[36m(train pid=2361227)[0m Checkpoint successfully created at: Checkpoint(filesystem=local, path=/home/l.peiwang/Modality_Comparison_AD/ray_result/ray_tune_experiment_fold_1/train_fbccf_00000_0_batch_size=8,dropout_rate=0.0969,flip_prob=0.0004,l2_reg=0.0000,learning_rate=0.0003,rotate_prob=0.1593_2024-10-10_18-54-27/checkpoint_000019)
[36m(train pid=2361228)[0m Checkpoint successfully created at: Checkpoint(filesystem=local, path=/home/l.peiwang/Modality_Comparison_AD/ray_result/ray_tune_experiment_fold_1/train_fbccf_00001_1_batch_size=4,dropout_rate=0.3613,flip_prob=0.3075,l2_reg=0.0000,learning_rate=0.0000,rotate_prob=0.3598_2024-10-10_18-54-27/checkpoint_000019)
[36m(pid=2368506)[0m /home/l.peiwang/liuenv/lib/python3.10/site-packages/nilearn/input_data/__init__.py:23: FutureWarning: The import path 'nilearn.input_data' is deprecated in version 0.9. Importing from 'nilearn.input_data' will be possible at least until release 0.13.0. Please import from 'nilearn.maskers' instead.
[36m(pid=2368506)[0m   warnings.warn(message, FutureWarning)
[36m(train pid=2368506)[0m 2024-10-10 20:12:44.815865: I tensorflow/core/platform/cpu_feature_guard.cc:151] This TensorFlow binary is optimized with oneAPI Deep Neural Network Library (oneDNN) to use the following CPU instructions in performance-critical operations:  AVX2 AVX512F FMA
[36m(train pid=2368506)[0m To enable them in other operations, rebuild TensorFlow with the appropriate compiler flags.
[36m(train pid=2368506)[0m 2024-10-10 20:12:45.406927: I tensorflow/core/common_runtime/gpu/gpu_device.cc:1525] Created device /job:localhost/replica:0/task:0/device:GPU:0 with 30989 MB memory:  -> device: 0, name: Tesla V100-PCIE-32GB, pci bus id: 0000:3e:00.0, compute capability: 7.0
[36m(train pid=2368506)[0m 2024-10-10 20:12:57.799452: I tensorflow/stream_executor/cuda/cuda_dnn.cc:368] Loaded cuDNN version 8101
[36m(train pid=2361227)[0m Checkpoint successfully created at: Checkpoint(filesystem=local, path=/home/l.peiwang/Modality_Comparison_AD/ray_result/ray_tune_experiment_fold_1/train_fbccf_00000_0_batch_size=8,dropout_rate=0.0969,flip_prob=0.0004,l2_reg=0.0000,learning_rate=0.0003,rotate_prob=0.1593_2024-10-10_18-54-27/checkpoint_000020)
[36m(train pid=2368506)[0m Checkpoint successfully created at: Checkpoint(filesystem=local, path=/home/l.peiwang/Modality_Comparison_AD/ray_result/ray_tune_experiment_fold_1/train_fbccf_00002_2_batch_size=8,dropout_rate=0.3525,flip_prob=0.0451,l2_reg=0.0000,learning_rate=0.0008,rotate_prob=0.2950_2024-10-10_18-54-27/checkpoint_000000)
[36m(train pid=2361227)[0m Checkpoint successfully created at: Checkpoint(filesystem=local, path=/home/l.peiwang/Modality_Comparison_AD/ray_result/ray_tune_experiment_fold_1/train_fbccf_00000_0_batch_size=8,dropout_rate=0.0969,flip_prob=0.0004,l2_reg=0.0000,learning_rate=0.0003,rotate_prob=0.1593_2024-10-10_18-54-27/checkpoint_000021)
[36m(train pid=2368506)[0m Checkpoint successfully created at: Checkpoint(filesystem=local, path=/home/l.peiwang/Modality_Comparison_AD/ray_result/ray_tune_experiment_fold_1/train_fbccf_00002_2_batch_size=8,dropout_rate=0.3525,flip_prob=0.0451,l2_reg=0.0000,learning_rate=0.0008,rotate_prob=0.2950_2024-10-10_18-54-27/checkpoint_000001)
[36m(train pid=2361227)[0m Checkpoint successfully created at: Checkpoint(filesystem=local, path=/home/l.peiwang/Modality_Comparison_AD/ray_result/ray_tune_experiment_fold_1/train_fbccf_00000_0_batch_size=8,dropout_rate=0.0969,flip_prob=0.0004,l2_reg=0.0000,learning_rate=0.0003,rotate_prob=0.1593_2024-10-10_18-54-27/checkpoint_000022)
[36m(train pid=2368506)[0m Checkpoint successfully created at: Checkpoint(filesystem=local, path=/home/l.peiwang/Modality_Comparison_AD/ray_result/ray_tune_experiment_fold_1/train_fbccf_00002_2_batch_size=8,dropout_rate=0.3525,flip_prob=0.0451,l2_reg=0.0000,learning_rate=0.0008,rotate_prob=0.2950_2024-10-10_18-54-27/checkpoint_000002)
[36m(train pid=2361227)[0m Checkpoint successfully created at: Checkpoint(filesystem=local, path=/home/l.peiwang/Modality_Comparison_AD/ray_result/ray_tune_experiment_fold_1/train_fbccf_00000_0_batch_size=8,dropout_rate=0.0969,flip_prob=0.0004,l2_reg=0.0000,learning_rate=0.0003,rotate_prob=0.1593_2024-10-10_18-54-27/checkpoint_000023)
[36m(train pid=2368506)[0m Checkpoint successfully created at: Checkpoint(filesystem=local, path=/home/l.peiwang/Modality_Comparison_AD/ray_result/ray_tune_experiment_fold_1/train_fbccf_00002_2_batch_size=8,dropout_rate=0.3525,flip_prob=0.0451,l2_reg=0.0000,learning_rate=0.0008,rotate_prob=0.2950_2024-10-10_18-54-27/checkpoint_000003)
[36m(train pid=2361227)[0m Checkpoint successfully created at: Checkpoint(filesystem=local, path=/home/l.peiwang/Modality_Comparison_AD/ray_result/ray_tune_experiment_fold_1/train_fbccf_00000_0_batch_size=8,dropout_rate=0.0969,flip_prob=0.0004,l2_reg=0.0000,learning_rate=0.0003,rotate_prob=0.1593_2024-10-10_18-54-27/checkpoint_000024)
[36m(train pid=2368506)[0m Checkpoint successfully created at: Checkpoint(filesystem=local, path=/home/l.peiwang/Modality_Comparison_AD/ray_result/ray_tune_experiment_fold_1/train_fbccf_00002_2_batch_size=8,dropout_rate=0.3525,flip_prob=0.0451,l2_reg=0.0000,learning_rate=0.0008,rotate_prob=0.2950_2024-10-10_18-54-27/checkpoint_000004)
[36m(train pid=2361227)[0m Checkpoint successfully created at: Checkpoint(filesystem=local, path=/home/l.peiwang/Modality_Comparison_AD/ray_result/ray_tune_experiment_fold_1/train_fbccf_00000_0_batch_size=8,dropout_rate=0.0969,flip_prob=0.0004,l2_reg=0.0000,learning_rate=0.0003,rotate_prob=0.1593_2024-10-10_18-54-27/checkpoint_000025)
[36m(train pid=2368506)[0m Checkpoint successfully created at: Checkpoint(filesystem=local, path=/home/l.peiwang/Modality_Comparison_AD/ray_result/ray_tune_experiment_fold_1/train_fbccf_00002_2_batch_size=8,dropout_rate=0.3525,flip_prob=0.0451,l2_reg=0.0000,learning_rate=0.0008,rotate_prob=0.2950_2024-10-10_18-54-27/checkpoint_000005)
[36m(train pid=2361227)[0m Checkpoint successfully created at: Checkpoint(filesystem=local, path=/home/l.peiwang/Modality_Comparison_AD/ray_result/ray_tune_experiment_fold_1/train_fbccf_00000_0_batch_size=8,dropout_rate=0.0969,flip_prob=0.0004,l2_reg=0.0000,learning_rate=0.0003,rotate_prob=0.1593_2024-10-10_18-54-27/checkpoint_000026)
[36m(train pid=2368506)[0m Checkpoint successfully created at: Checkpoint(filesystem=local, path=/home/l.peiwang/Modality_Comparison_AD/ray_result/ray_tune_experiment_fold_1/train_fbccf_00002_2_batch_size=8,dropout_rate=0.3525,flip_prob=0.0451,l2_reg=0.0000,learning_rate=0.0008,rotate_prob=0.2950_2024-10-10_18-54-27/checkpoint_000006)
[36m(train pid=2361227)[0m Checkpoint successfully created at: Checkpoint(filesystem=local, path=/home/l.peiwang/Modality_Comparison_AD/ray_result/ray_tune_experiment_fold_1/train_fbccf_00000_0_batch_size=8,dropout_rate=0.0969,flip_prob=0.0004,l2_reg=0.0000,learning_rate=0.0003,rotate_prob=0.1593_2024-10-10_18-54-27/checkpoint_000027)
[36m(train pid=2368506)[0m Checkpoint successfully created at: Checkpoint(filesystem=local, path=/home/l.peiwang/Modality_Comparison_AD/ray_result/ray_tune_experiment_fold_1/train_fbccf_00002_2_batch_size=8,dropout_rate=0.3525,flip_prob=0.0451,l2_reg=0.0000,learning_rate=0.0008,rotate_prob=0.2950_2024-10-10_18-54-27/checkpoint_000007)
[36m(train pid=2361227)[0m Checkpoint successfully created at: Checkpoint(filesystem=local, path=/home/l.peiwang/Modality_Comparison_AD/ray_result/ray_tune_experiment_fold_1/train_fbccf_00000_0_batch_size=8,dropout_rate=0.0969,flip_prob=0.0004,l2_reg=0.0000,learning_rate=0.0003,rotate_prob=0.1593_2024-10-10_18-54-27/checkpoint_000028)
