ERROR: pip's dependency resolver does not currently take into account all the packages that are installed. This behaviour is the source of the following dependency conflicts.
tensorflow 2.8.4 requires protobuf<3.20,>=3.9.2, but you have protobuf 3.20.3 which is incompatible.

[notice] A new release of pip is available: 23.2.1 -> 24.2
[notice] To update, run: pip install --upgrade pip

[notice] A new release of pip is available: 23.2.1 -> 24.2
[notice] To update, run: pip install --upgrade pip

[notice] A new release of pip is available: 23.2.1 -> 24.2
[notice] To update, run: pip install --upgrade pip

[notice] A new release of pip is available: 23.2.1 -> 24.2
[notice] To update, run: pip install --upgrade pip
/home/l.peiwang/liuenv/lib/python3.10/site-packages/nilearn/input_data/__init__.py:23: FutureWarning: The import path 'nilearn.input_data' is deprecated in version 0.9. Importing from 'nilearn.input_data' will be possible at least until release 0.13.0. Please import from 'nilearn.maskers' instead.
  warnings.warn(message, FutureWarning)
2024-10-06 22:35:04,940	INFO worker.py:1786 -- Started a local Ray instance.
Traceback (most recent call last):
  File "/ceph/chpc/home-nfs/l.peiwang/Modality_Comparison_AD/deep_learning_cd_MRI.py", line 467, in <module>
    main()
  File "/ceph/chpc/home-nfs/l.peiwang/Modality_Comparison_AD/deep_learning_cd_MRI.py", line 454, in main
    best_model = Trainer.tune_model(X, Y, task, modality, info)
  File "/ceph/chpc/home-nfs/l.peiwang/Modality_Comparison_AD/deep_learning_cd_MRI.py", line 361, in tune_model
    scheduler = HyperBandScheduler(
TypeError: HyperBandScheduler.__init__() got an unexpected keyword argument 'grace_period'
