Requirement already satisfied: protobuf==3.20.3 in /ceph/chpc/home-nfs/l.peiwang/liuenv/lib/python3.10/site-packages (3.20.3)
Requirement already satisfied: ray in /ceph/chpc/home-nfs/l.peiwang/liuenv/lib/python3.10/site-packages (2.37.0)
Requirement already satisfied: click>=7.0 in /ceph/chpc/home-nfs/l.peiwang/liuenv/lib/python3.10/site-packages (from ray) (8.1.7)
Requirement already satisfied: filelock in /ceph/chpc/home-nfs/l.peiwang/liuenv/lib/python3.10/site-packages (from ray) (3.16.1)
Requirement already satisfied: jsonschema in /ceph/chpc/home-nfs/l.peiwang/liuenv/lib/python3.10/site-packages (from ray) (4.23.0)
Requirement already satisfied: msgpack<2.0.0,>=1.0.0 in /ceph/chpc/home-nfs/l.peiwang/liuenv/lib/python3.10/site-packages (from ray) (1.1.0)
Requirement already satisfied: packaging in /ceph/chpc/home-nfs/l.peiwang/liuenv/lib/python3.10/site-packages (from ray) (23.1)
Requirement already satisfied: protobuf!=3.19.5,>=3.15.3 in /ceph/chpc/home-nfs/l.peiwang/liuenv/lib/python3.10/site-packages (from ray) (3.20.3)
Requirement already satisfied: pyyaml in /ceph/chpc/home-nfs/l.peiwang/liuenv/lib/python3.10/site-packages (from ray) (6.0.2)
Requirement already satisfied: aiosignal in /ceph/chpc/home-nfs/l.peiwang/liuenv/lib/python3.10/site-packages (from ray) (1.3.1)
Requirement already satisfied: frozenlist in /ceph/chpc/home-nfs/l.peiwang/liuenv/lib/python3.10/site-packages (from ray) (1.4.1)
Requirement already satisfied: requests in /ceph/chpc/home-nfs/l.peiwang/liuenv/lib/python3.10/site-packages (from ray) (2.31.0)
Requirement already satisfied: attrs>=22.2.0 in /ceph/chpc/home-nfs/l.peiwang/liuenv/lib/python3.10/site-packages (from jsonschema->ray) (24.2.0)
Requirement already satisfied: jsonschema-specifications>=2023.03.6 in /ceph/chpc/home-nfs/l.peiwang/liuenv/lib/python3.10/site-packages (from jsonschema->ray) (2023.12.1)
Requirement already satisfied: referencing>=0.28.4 in /ceph/chpc/home-nfs/l.peiwang/liuenv/lib/python3.10/site-packages (from jsonschema->ray) (0.35.1)
Requirement already satisfied: rpds-py>=0.7.1 in /ceph/chpc/home-nfs/l.peiwang/liuenv/lib/python3.10/site-packages (from jsonschema->ray) (0.20.0)
Requirement already satisfied: charset-normalizer<4,>=2 in /ceph/chpc/home-nfs/l.peiwang/liuenv/lib/python3.10/site-packages (from requests->ray) (3.2.0)
Requirement already satisfied: idna<4,>=2.5 in /ceph/chpc/home-nfs/l.peiwang/liuenv/lib/python3.10/site-packages (from requests->ray) (3.4)
Requirement already satisfied: urllib3<3,>=1.21.1 in /ceph/chpc/home-nfs/l.peiwang/liuenv/lib/python3.10/site-packages (from requests->ray) (1.26.16)
Requirement already satisfied: certifi>=2017.4.17 in /ceph/chpc/home-nfs/l.peiwang/liuenv/lib/python3.10/site-packages (from requests->ray) (2023.7.22)
Requirement already satisfied: fsspec in /ceph/chpc/home-nfs/l.peiwang/liuenv/lib/python3.10/site-packages (2024.9.0)
Requirement already satisfied: ray[tune] in /ceph/chpc/home-nfs/l.peiwang/liuenv/lib/python3.10/site-packages (2.37.0)
Requirement already satisfied: click>=7.0 in /ceph/chpc/home-nfs/l.peiwang/liuenv/lib/python3.10/site-packages (from ray[tune]) (8.1.7)
Requirement already satisfied: filelock in /ceph/chpc/home-nfs/l.peiwang/liuenv/lib/python3.10/site-packages (from ray[tune]) (3.16.1)
Requirement already satisfied: jsonschema in /ceph/chpc/home-nfs/l.peiwang/liuenv/lib/python3.10/site-packages (from ray[tune]) (4.23.0)
Requirement already satisfied: msgpack<2.0.0,>=1.0.0 in /ceph/chpc/home-nfs/l.peiwang/liuenv/lib/python3.10/site-packages (from ray[tune]) (1.1.0)
Requirement already satisfied: packaging in /ceph/chpc/home-nfs/l.peiwang/liuenv/lib/python3.10/site-packages (from ray[tune]) (23.1)
Requirement already satisfied: protobuf!=3.19.5,>=3.15.3 in /ceph/chpc/home-nfs/l.peiwang/liuenv/lib/python3.10/site-packages (from ray[tune]) (3.20.3)
Requirement already satisfied: pyyaml in /ceph/chpc/home-nfs/l.peiwang/liuenv/lib/python3.10/site-packages (from ray[tune]) (6.0.2)
Requirement already satisfied: aiosignal in /ceph/chpc/home-nfs/l.peiwang/liuenv/lib/python3.10/site-packages (from ray[tune]) (1.3.1)
Requirement already satisfied: frozenlist in /ceph/chpc/home-nfs/l.peiwang/liuenv/lib/python3.10/site-packages (from ray[tune]) (1.4.1)
Requirement already satisfied: requests in /ceph/chpc/home-nfs/l.peiwang/liuenv/lib/python3.10/site-packages (from ray[tune]) (2.31.0)
Requirement already satisfied: pandas in /ceph/chpc/home-nfs/l.peiwang/liuenv/lib/python3.10/site-packages (from ray[tune]) (2.1.0)
Requirement already satisfied: tensorboardX>=1.9 in /ceph/chpc/home-nfs/l.peiwang/liuenv/lib/python3.10/site-packages (from ray[tune]) (2.6.2.2)
Requirement already satisfied: pyarrow>=6.0.1 in /ceph/chpc/home-nfs/l.peiwang/liuenv/lib/python3.10/site-packages (from ray[tune]) (17.0.0)
Requirement already satisfied: fsspec in /ceph/chpc/home-nfs/l.peiwang/liuenv/lib/python3.10/site-packages (from ray[tune]) (2024.9.0)
Requirement already satisfied: numpy>=1.16.6 in /ceph/chpc/home-nfs/l.peiwang/liuenv/lib/python3.10/site-packages (from pyarrow>=6.0.1->ray[tune]) (1.26.0)
Requirement already satisfied: attrs>=22.2.0 in /ceph/chpc/home-nfs/l.peiwang/liuenv/lib/python3.10/site-packages (from jsonschema->ray[tune]) (24.2.0)
Requirement already satisfied: jsonschema-specifications>=2023.03.6 in /ceph/chpc/home-nfs/l.peiwang/liuenv/lib/python3.10/site-packages (from jsonschema->ray[tune]) (2023.12.1)
Requirement already satisfied: referencing>=0.28.4 in /ceph/chpc/home-nfs/l.peiwang/liuenv/lib/python3.10/site-packages (from jsonschema->ray[tune]) (0.35.1)
Requirement already satisfied: rpds-py>=0.7.1 in /ceph/chpc/home-nfs/l.peiwang/liuenv/lib/python3.10/site-packages (from jsonschema->ray[tune]) (0.20.0)
Requirement already satisfied: python-dateutil>=2.8.2 in /ceph/chpc/home-nfs/l.peiwang/liuenv/lib/python3.10/site-packages (from pandas->ray[tune]) (2.8.2)
Requirement already satisfied: pytz>=2020.1 in /ceph/chpc/home-nfs/l.peiwang/liuenv/lib/python3.10/site-packages (from pandas->ray[tune]) (2023.3.post1)
Requirement already satisfied: tzdata>=2022.1 in /ceph/chpc/home-nfs/l.peiwang/liuenv/lib/python3.10/site-packages (from pandas->ray[tune]) (2023.3)
Requirement already satisfied: charset-normalizer<4,>=2 in /ceph/chpc/home-nfs/l.peiwang/liuenv/lib/python3.10/site-packages (from requests->ray[tune]) (3.2.0)
Requirement already satisfied: idna<4,>=2.5 in /ceph/chpc/home-nfs/l.peiwang/liuenv/lib/python3.10/site-packages (from requests->ray[tune]) (3.4)
Requirement already satisfied: urllib3<3,>=1.21.1 in /ceph/chpc/home-nfs/l.peiwang/liuenv/lib/python3.10/site-packages (from requests->ray[tune]) (1.26.16)
Requirement already satisfied: certifi>=2017.4.17 in /ceph/chpc/home-nfs/l.peiwang/liuenv/lib/python3.10/site-packages (from requests->ray[tune]) (2023.7.22)
Requirement already satisfied: six>=1.5 in /ceph/chpc/home-nfs/l.peiwang/liuenv/lib/python3.10/site-packages (from python-dateutil>=2.8.2->pandas->ray[tune]) (1.16.0)
