
[notice] A new release of pip is available: 23.2.1 -> 24.2
[notice] To update, run: pip install --upgrade pip

[notice] A new release of pip is available: 23.2.1 -> 24.2
[notice] To update, run: pip install --upgrade pip

[notice] A new release of pip is available: 23.2.1 -> 24.2
[notice] To update, run: pip install --upgrade pip

[notice] A new release of pip is available: 23.2.1 -> 24.2
[notice] To update, run: pip install --upgrade pip
/home/l.peiwang/liuenv/lib/python3.10/site-packages/nilearn/input_data/__init__.py:23: FutureWarning: The import path 'nilearn.input_data' is deprecated in version 0.9. Importing from 'nilearn.input_data' will be possible at least until release 0.13.0. Please import from 'nilearn.maskers' instead.
  warnings.warn(message, FutureWarning)
2024-10-07 13:46:18,787	INFO worker.py:1786 -- Started a local Ray instance.
[36m(pid=2203706)[0m /home/l.peiwang/liuenv/lib/python3.10/site-packages/nilearn/input_data/__init__.py:23: FutureWarning: The import path 'nilearn.input_data' is deprecated in version 0.9. Importing from 'nilearn.input_data' will be possible at least until release 0.13.0. Please import from 'nilearn.maskers' instead.
[36m(pid=2203706)[0m   warnings.warn(message, FutureWarning)
[36m(train_model pid=2203705)[0m 2024-10-07 13:53:06.258788: I tensorflow/core/platform/cpu_feature_guard.cc:151] This TensorFlow binary is optimized with oneAPI Deep Neural Network Library (oneDNN) to use the following CPU instructions in performance-critical operations:  AVX2 AVX512F FMA
[36m(train_model pid=2203705)[0m To enable them in other operations, rebuild TensorFlow with the appropriate compiler flags.
[36m(pid=2203705)[0m /home/l.peiwang/liuenv/lib/python3.10/site-packages/nilearn/input_data/__init__.py:23: FutureWarning: The import path 'nilearn.input_data' is deprecated in version 0.9. Importing from 'nilearn.input_data' will be possible at least until release 0.13.0. Please import from 'nilearn.maskers' instead.[32m [repeated 3x across cluster] (Ray deduplicates logs by default. Set RAY_DEDUP_LOGS=0 to disable log deduplication, or see https://docs.ray.io/en/master/ray-observability/user-guides/configure-logging.html#log-deduplication for more options.)[0m
[36m(pid=2203705)[0m   warnings.warn(message, FutureWarning)[32m [repeated 3x across cluster][0m
[36m(train_model pid=2203705)[0m 2024-10-07 13:53:06.983396: I tensorflow/core/common_runtime/gpu/gpu_device.cc:1525] Created device /job:localhost/replica:0/task:0/device:GPU:0 with 78923 MB memory:  -> device: 0, name: NVIDIA A100-SXM4-80GB, pci bus id: 0000:31:00.0, compute capability: 8.0
[36m(train_model pid=2203705)[0m 2024-10-07 13:53:18.036390: I tensorflow/stream_executor/cuda/cuda_dnn.cc:368] Loaded cuDNN version 8101
[36m(train_model pid=2203705)[0m 2024-10-07 13:53:21.357459: I tensorflow/stream_executor/cuda/cuda_blas.cc:1786] TensorFloat-32 will be used for the matrix multiplication. This will only be logged once.
[36m(train_model pid=2203705)[0m WARNING:tensorflow:Callback method `on_train_batch_end` is slow compared to the batch time (batch time: 0.2295s vs `on_train_batch_end` time: 0.2340s). Check your callbacks.
[36m(train_model pid=2203704)[0m 2024-10-07 13:53:31.754803: I tensorflow/core/platform/cpu_feature_guard.cc:151] This TensorFlow binary is optimized with oneAPI Deep Neural Network Library (oneDNN) to use the following CPU instructions in performance-critical operations:  AVX2 AVX512F FMA
[36m(train_model pid=2203704)[0m To enable them in other operations, rebuild TensorFlow with the appropriate compiler flags.
[36m(train_model pid=2203704)[0m 2024-10-07 13:53:32.931836: I tensorflow/core/common_runtime/gpu/gpu_device.cc:1525] Created device /job:localhost/replica:0/task:0/device:GPU:0 with 78923 MB memory:  -> device: 0, name: NVIDIA A100-SXM4-80GB, pci bus id: 0000:17:00.0, compute capability: 8.0
[36m(train_model pid=2203703)[0m 2024-10-07 13:53:36.111262: E tensorflow/stream_executor/cuda/cuda_driver.cc:271] failed call to cuInit: CUDA_ERROR_NO_DEVICE: no CUDA-capable device is detected
[36m(train_model pid=2203703)[0m 2024-10-07 13:53:36.111354: I tensorflow/stream_executor/cuda/cuda_diagnostics.cc:169] retrieving CUDA diagnostic information for host: gpua803.cluster
[36m(train_model pid=2203703)[0m 2024-10-07 13:53:36.111368: I tensorflow/stream_executor/cuda/cuda_diagnostics.cc:176] hostname: gpua803.cluster
[36m(train_model pid=2203703)[0m 2024-10-07 13:53:36.111661: I tensorflow/stream_executor/cuda/cuda_diagnostics.cc:200] libcuda reported version is: 550.54.15
[36m(train_model pid=2203703)[0m 2024-10-07 13:53:36.111704: I tensorflow/stream_executor/cuda/cuda_diagnostics.cc:204] kernel reported version is: 550.54.15
[36m(train_model pid=2203703)[0m 2024-10-07 13:53:36.111711: I tensorflow/stream_executor/cuda/cuda_diagnostics.cc:310] kernel version seems to match DSO: 550.54.15
[36m(train_model pid=2203704)[0m 2024-10-07 13:53:43.996702: I tensorflow/stream_executor/cuda/cuda_dnn.cc:368] Loaded cuDNN version 8101
[36m(train_model pid=2203703)[0m 2024-10-07 13:53:36.112174: I tensorflow/core/platform/cpu_feature_guard.cc:151] This TensorFlow binary is optimized with oneAPI Deep Neural Network Library (oneDNN) to use the following CPU instructions in performance-critical operations:  AVX2 AVX512F FMA[32m [repeated 2x across cluster][0m
[36m(train_model pid=2203703)[0m To enable them in other operations, rebuild TensorFlow with the appropriate compiler flags.[32m [repeated 2x across cluster][0m
[36m(train_model pid=2203706)[0m 2024-10-07 13:53:33.480440: I tensorflow/core/common_runtime/gpu/gpu_device.cc:1525] Created device /job:localhost/replica:0/task:0/device:GPU:0 with 78923 MB memory:  -> device: 0, name: NVIDIA A100-SXM4-80GB, pci bus id: 0000:b1:00.0, compute capability: 8.0
[36m(train_model pid=2203704)[0m 2024-10-07 13:53:47.041153: I tensorflow/stream_executor/cuda/cuda_blas.cc:1786] TensorFloat-32 will be used for the matrix multiplication. This will only be logged once.
[36m(train_model pid=2203706)[0m 2024-10-07 13:53:45.215126: I tensorflow/stream_executor/cuda/cuda_dnn.cc:368] Loaded cuDNN version 8101
[36m(train_model pid=2203705)[0m Checkpoint successfully created at: Checkpoint(filesystem=local, path=/home/l.peiwang/ray_results/hyperparameter_tuning/train_model_518c0_00002_2_batch_size=8,dropout_rate=0.1263,flip_prob=0.3707,l2_reg=0.0000,learning_rate=0.0000,rotate_prob=0.0922_2024-10-07_13-52-37/checkpoint_000000)
[36m(train_model pid=2203706)[0m 2024-10-07 13:53:50.454641: I tensorflow/stream_executor/cuda/cuda_blas.cc:1786] TensorFloat-32 will be used for the matrix multiplication. This will only be logged once.
[36m(train_model pid=2203704)[0m WARNING:tensorflow:Callback method `on_train_batch_end` is slow compared to the batch time (batch time: 0.1544s vs `on_train_batch_end` time: 0.2884s). Check your callbacks.
[36m(train_model pid=2203705)[0m Checkpoint successfully created at: Checkpoint(filesystem=local, path=/home/l.peiwang/ray_results/hyperparameter_tuning/train_model_518c0_00002_2_batch_size=8,dropout_rate=0.1263,flip_prob=0.3707,l2_reg=0.0000,learning_rate=0.0000,rotate_prob=0.0922_2024-10-07_13-52-37/checkpoint_000001)
[36m(train_model pid=2203704)[0m Checkpoint successfully created at: Checkpoint(filesystem=local, path=/home/l.peiwang/ray_results/hyperparameter_tuning/train_model_518c0_00001_1_batch_size=8,dropout_rate=0.1223,flip_prob=0.2991,l2_reg=0.0000,learning_rate=0.0001,rotate_prob=0.4912_2024-10-07_13-52-37/checkpoint_000000)
[36m(train_model pid=2203706)[0m Checkpoint successfully created at: Checkpoint(filesystem=local, path=/home/l.peiwang/ray_results/hyperparameter_tuning/train_model_518c0_00003_3_batch_size=8,dropout_rate=0.3635,flip_prob=0.3491,l2_reg=0.0000,learning_rate=0.0001,rotate_prob=0.3157_2024-10-07_13-52-37/checkpoint_000000)
[36m(train_model pid=2203705)[0m Checkpoint successfully created at: Checkpoint(filesystem=local, path=/home/l.peiwang/ray_results/hyperparameter_tuning/train_model_518c0_00002_2_batch_size=8,dropout_rate=0.1263,flip_prob=0.3707,l2_reg=0.0000,learning_rate=0.0000,rotate_prob=0.0922_2024-10-07_13-52-37/checkpoint_000002)
[36m(train_model pid=2203704)[0m Checkpoint successfully created at: Checkpoint(filesystem=local, path=/home/l.peiwang/ray_results/hyperparameter_tuning/train_model_518c0_00001_1_batch_size=8,dropout_rate=0.1223,flip_prob=0.2991,l2_reg=0.0000,learning_rate=0.0001,rotate_prob=0.4912_2024-10-07_13-52-37/checkpoint_000001)
[36m(train_model pid=2203706)[0m Checkpoint successfully created at: Checkpoint(filesystem=local, path=/home/l.peiwang/ray_results/hyperparameter_tuning/train_model_518c0_00003_3_batch_size=8,dropout_rate=0.3635,flip_prob=0.3491,l2_reg=0.0000,learning_rate=0.0001,rotate_prob=0.3157_2024-10-07_13-52-37/checkpoint_000001)
[36m(train_model pid=2203705)[0m Checkpoint successfully created at: Checkpoint(filesystem=local, path=/home/l.peiwang/ray_results/hyperparameter_tuning/train_model_518c0_00002_2_batch_size=8,dropout_rate=0.1263,flip_prob=0.3707,l2_reg=0.0000,learning_rate=0.0000,rotate_prob=0.0922_2024-10-07_13-52-37/checkpoint_000003)
[36m(train_model pid=2203704)[0m Checkpoint successfully created at: Checkpoint(filesystem=local, path=/home/l.peiwang/ray_results/hyperparameter_tuning/train_model_518c0_00001_1_batch_size=8,dropout_rate=0.1223,flip_prob=0.2991,l2_reg=0.0000,learning_rate=0.0001,rotate_prob=0.4912_2024-10-07_13-52-37/checkpoint_000002)
[36m(train_model pid=2203706)[0m Checkpoint successfully created at: Checkpoint(filesystem=local, path=/home/l.peiwang/ray_results/hyperparameter_tuning/train_model_518c0_00003_3_batch_size=8,dropout_rate=0.3635,flip_prob=0.3491,l2_reg=0.0000,learning_rate=0.0001,rotate_prob=0.3157_2024-10-07_13-52-37/checkpoint_000002)
[36m(train_model pid=2203705)[0m Checkpoint successfully created at: Checkpoint(filesystem=local, path=/home/l.peiwang/ray_results/hyperparameter_tuning/train_model_518c0_00002_2_batch_size=8,dropout_rate=0.1263,flip_prob=0.3707,l2_reg=0.0000,learning_rate=0.0000,rotate_prob=0.0922_2024-10-07_13-52-37/checkpoint_000004)
[36m(train_model pid=2203704)[0m Checkpoint successfully created at: Checkpoint(filesystem=local, path=/home/l.peiwang/ray_results/hyperparameter_tuning/train_model_518c0_00001_1_batch_size=8,dropout_rate=0.1223,flip_prob=0.2991,l2_reg=0.0000,learning_rate=0.0001,rotate_prob=0.4912_2024-10-07_13-52-37/checkpoint_000003)
[36m(train_model pid=2203706)[0m Checkpoint successfully created at: Checkpoint(filesystem=local, path=/home/l.peiwang/ray_results/hyperparameter_tuning/train_model_518c0_00003_3_batch_size=8,dropout_rate=0.3635,flip_prob=0.3491,l2_reg=0.0000,learning_rate=0.0001,rotate_prob=0.3157_2024-10-07_13-52-37/checkpoint_000003)
[36m(train_model pid=2203704)[0m Checkpoint successfully created at: Checkpoint(filesystem=local, path=/home/l.peiwang/ray_results/hyperparameter_tuning/train_model_518c0_00001_1_batch_size=8,dropout_rate=0.1223,flip_prob=0.2991,l2_reg=0.0000,learning_rate=0.0001,rotate_prob=0.4912_2024-10-07_13-52-37/checkpoint_000004)[32m [repeated 2x across cluster][0m
[36m(train_model pid=2203706)[0m Checkpoint successfully created at: Checkpoint(filesystem=local, path=/home/l.peiwang/ray_results/hyperparameter_tuning/train_model_518c0_00003_3_batch_size=8,dropout_rate=0.3635,flip_prob=0.3491,l2_reg=0.0000,learning_rate=0.0001,rotate_prob=0.3157_2024-10-07_13-52-37/checkpoint_000004)
[36m(train_model pid=2203705)[0m Checkpoint successfully created at: Checkpoint(filesystem=local, path=/home/l.peiwang/ray_results/hyperparameter_tuning/train_model_518c0_00002_2_batch_size=8,dropout_rate=0.1263,flip_prob=0.3707,l2_reg=0.0000,learning_rate=0.0000,rotate_prob=0.0922_2024-10-07_13-52-37/checkpoint_000006)
[36m(train_model pid=2203704)[0m Checkpoint successfully created at: Checkpoint(filesystem=local, path=/home/l.peiwang/ray_results/hyperparameter_tuning/train_model_518c0_00001_1_batch_size=8,dropout_rate=0.1223,flip_prob=0.2991,l2_reg=0.0000,learning_rate=0.0001,rotate_prob=0.4912_2024-10-07_13-52-37/checkpoint_000005)
[36m(train_model pid=2203706)[0m Checkpoint successfully created at: Checkpoint(filesystem=local, path=/home/l.peiwang/ray_results/hyperparameter_tuning/train_model_518c0_00003_3_batch_size=8,dropout_rate=0.3635,flip_prob=0.3491,l2_reg=0.0000,learning_rate=0.0001,rotate_prob=0.3157_2024-10-07_13-52-37/checkpoint_000005)
[36m(train_model pid=2203704)[0m Checkpoint successfully created at: Checkpoint(filesystem=local, path=/home/l.peiwang/ray_results/hyperparameter_tuning/train_model_518c0_00001_1_batch_size=8,dropout_rate=0.1223,flip_prob=0.2991,l2_reg=0.0000,learning_rate=0.0001,rotate_prob=0.4912_2024-10-07_13-52-37/checkpoint_000006)[32m [repeated 2x across cluster][0m
[36m(train_model pid=2203706)[0m Checkpoint successfully created at: Checkpoint(filesystem=local, path=/home/l.peiwang/ray_results/hyperparameter_tuning/train_model_518c0_00003_3_batch_size=8,dropout_rate=0.3635,flip_prob=0.3491,l2_reg=0.0000,learning_rate=0.0001,rotate_prob=0.3157_2024-10-07_13-52-37/checkpoint_000006)
[36m(train_model pid=2203705)[0m Checkpoint successfully created at: Checkpoint(filesystem=local, path=/home/l.peiwang/ray_results/hyperparameter_tuning/train_model_518c0_00002_2_batch_size=8,dropout_rate=0.1263,flip_prob=0.3707,l2_reg=0.0000,learning_rate=0.0000,rotate_prob=0.0922_2024-10-07_13-52-37/checkpoint_000008)
[36m(train_model pid=2203704)[0m Checkpoint successfully created at: Checkpoint(filesystem=local, path=/home/l.peiwang/ray_results/hyperparameter_tuning/train_model_518c0_00001_1_batch_size=8,dropout_rate=0.1223,flip_prob=0.2991,l2_reg=0.0000,learning_rate=0.0001,rotate_prob=0.4912_2024-10-07_13-52-37/checkpoint_000007)
[36m(train_model pid=2203706)[0m Checkpoint successfully created at: Checkpoint(filesystem=local, path=/home/l.peiwang/ray_results/hyperparameter_tuning/train_model_518c0_00003_3_batch_size=8,dropout_rate=0.3635,flip_prob=0.3491,l2_reg=0.0000,learning_rate=0.0001,rotate_prob=0.3157_2024-10-07_13-52-37/checkpoint_000007)
[36m(train_model pid=2203704)[0m Checkpoint successfully created at: Checkpoint(filesystem=local, path=/home/l.peiwang/ray_results/hyperparameter_tuning/train_model_518c0_00001_1_batch_size=8,dropout_rate=0.1223,flip_prob=0.2991,l2_reg=0.0000,learning_rate=0.0001,rotate_prob=0.4912_2024-10-07_13-52-37/checkpoint_000008)[32m [repeated 2x across cluster][0m
[36m(train_model pid=2203706)[0m Checkpoint successfully created at: Checkpoint(filesystem=local, path=/home/l.peiwang/ray_results/hyperparameter_tuning/train_model_518c0_00003_3_batch_size=8,dropout_rate=0.3635,flip_prob=0.3491,l2_reg=0.0000,learning_rate=0.0001,rotate_prob=0.3157_2024-10-07_13-52-37/checkpoint_000008)
[36m(train_model pid=2203705)[0m Checkpoint successfully created at: Checkpoint(filesystem=local, path=/home/l.peiwang/ray_results/hyperparameter_tuning/train_model_518c0_00002_2_batch_size=8,dropout_rate=0.1263,flip_prob=0.3707,l2_reg=0.0000,learning_rate=0.0000,rotate_prob=0.0922_2024-10-07_13-52-37/checkpoint_000010)
[36m(train_model pid=2203704)[0m Checkpoint successfully created at: Checkpoint(filesystem=local, path=/home/l.peiwang/ray_results/hyperparameter_tuning/train_model_518c0_00001_1_batch_size=8,dropout_rate=0.1223,flip_prob=0.2991,l2_reg=0.0000,learning_rate=0.0001,rotate_prob=0.4912_2024-10-07_13-52-37/checkpoint_000009)
[36m(train_model pid=2203706)[0m Checkpoint successfully created at: Checkpoint(filesystem=local, path=/home/l.peiwang/ray_results/hyperparameter_tuning/train_model_518c0_00003_3_batch_size=8,dropout_rate=0.3635,flip_prob=0.3491,l2_reg=0.0000,learning_rate=0.0001,rotate_prob=0.3157_2024-10-07_13-52-37/checkpoint_000009)
[36m(train_model pid=2203704)[0m Checkpoint successfully created at: Checkpoint(filesystem=local, path=/home/l.peiwang/ray_results/hyperparameter_tuning/train_model_518c0_00001_1_batch_size=8,dropout_rate=0.1223,flip_prob=0.2991,l2_reg=0.0000,learning_rate=0.0001,rotate_prob=0.4912_2024-10-07_13-52-37/checkpoint_000010)[32m [repeated 2x across cluster][0m
[36m(train_model pid=2203706)[0m Checkpoint successfully created at: Checkpoint(filesystem=local, path=/home/l.peiwang/ray_results/hyperparameter_tuning/train_model_518c0_00003_3_batch_size=8,dropout_rate=0.3635,flip_prob=0.3491,l2_reg=0.0000,learning_rate=0.0001,rotate_prob=0.3157_2024-10-07_13-52-37/checkpoint_000010)
[36m(train_model pid=2203705)[0m Checkpoint successfully created at: Checkpoint(filesystem=local, path=/home/l.peiwang/ray_results/hyperparameter_tuning/train_model_518c0_00002_2_batch_size=8,dropout_rate=0.1263,flip_prob=0.3707,l2_reg=0.0000,learning_rate=0.0000,rotate_prob=0.0922_2024-10-07_13-52-37/checkpoint_000012)
[36m(train_model pid=2203704)[0m Checkpoint successfully created at: Checkpoint(filesystem=local, path=/home/l.peiwang/ray_results/hyperparameter_tuning/train_model_518c0_00001_1_batch_size=8,dropout_rate=0.1223,flip_prob=0.2991,l2_reg=0.0000,learning_rate=0.0001,rotate_prob=0.4912_2024-10-07_13-52-37/checkpoint_000011)
[36m(train_model pid=2203706)[0m Checkpoint successfully created at: Checkpoint(filesystem=local, path=/home/l.peiwang/ray_results/hyperparameter_tuning/train_model_518c0_00003_3_batch_size=8,dropout_rate=0.3635,flip_prob=0.3491,l2_reg=0.0000,learning_rate=0.0001,rotate_prob=0.3157_2024-10-07_13-52-37/checkpoint_000011)
[36m(train_model pid=2203704)[0m Checkpoint successfully created at: Checkpoint(filesystem=local, path=/home/l.peiwang/ray_results/hyperparameter_tuning/train_model_518c0_00001_1_batch_size=8,dropout_rate=0.1223,flip_prob=0.2991,l2_reg=0.0000,learning_rate=0.0001,rotate_prob=0.4912_2024-10-07_13-52-37/checkpoint_000012)[32m [repeated 2x across cluster][0m
[36m(train_model pid=2203706)[0m Checkpoint successfully created at: Checkpoint(filesystem=local, path=/home/l.peiwang/ray_results/hyperparameter_tuning/train_model_518c0_00003_3_batch_size=8,dropout_rate=0.3635,flip_prob=0.3491,l2_reg=0.0000,learning_rate=0.0001,rotate_prob=0.3157_2024-10-07_13-52-37/checkpoint_000012)
[36m(train_model pid=2203705)[0m Checkpoint successfully created at: Checkpoint(filesystem=local, path=/home/l.peiwang/ray_results/hyperparameter_tuning/train_model_518c0_00002_2_batch_size=8,dropout_rate=0.1263,flip_prob=0.3707,l2_reg=0.0000,learning_rate=0.0000,rotate_prob=0.0922_2024-10-07_13-52-37/checkpoint_000014)
[36m(train_model pid=2203704)[0m Checkpoint successfully created at: Checkpoint(filesystem=local, path=/home/l.peiwang/ray_results/hyperparameter_tuning/train_model_518c0_00001_1_batch_size=8,dropout_rate=0.1223,flip_prob=0.2991,l2_reg=0.0000,learning_rate=0.0001,rotate_prob=0.4912_2024-10-07_13-52-37/checkpoint_000013)
[36m(train_model pid=2203706)[0m Checkpoint successfully created at: Checkpoint(filesystem=local, path=/home/l.peiwang/ray_results/hyperparameter_tuning/train_model_518c0_00003_3_batch_size=8,dropout_rate=0.3635,flip_prob=0.3491,l2_reg=0.0000,learning_rate=0.0001,rotate_prob=0.3157_2024-10-07_13-52-37/checkpoint_000013)
[36m(train_model pid=2203704)[0m Checkpoint successfully created at: Checkpoint(filesystem=local, path=/home/l.peiwang/ray_results/hyperparameter_tuning/train_model_518c0_00001_1_batch_size=8,dropout_rate=0.1223,flip_prob=0.2991,l2_reg=0.0000,learning_rate=0.0001,rotate_prob=0.4912_2024-10-07_13-52-37/checkpoint_000014)[32m [repeated 2x across cluster][0m
[36m(train_model pid=2203706)[0m Checkpoint successfully created at: Checkpoint(filesystem=local, path=/home/l.peiwang/ray_results/hyperparameter_tuning/train_model_518c0_00003_3_batch_size=8,dropout_rate=0.3635,flip_prob=0.3491,l2_reg=0.0000,learning_rate=0.0001,rotate_prob=0.3157_2024-10-07_13-52-37/checkpoint_000014)
[36m(train_model pid=2203705)[0m Checkpoint successfully created at: Checkpoint(filesystem=local, path=/home/l.peiwang/ray_results/hyperparameter_tuning/train_model_518c0_00002_2_batch_size=8,dropout_rate=0.1263,flip_prob=0.3707,l2_reg=0.0000,learning_rate=0.0000,rotate_prob=0.0922_2024-10-07_13-52-37/checkpoint_000016)
[36m(train_model pid=2203704)[0m Checkpoint successfully created at: Checkpoint(filesystem=local, path=/home/l.peiwang/ray_results/hyperparameter_tuning/train_model_518c0_00001_1_batch_size=8,dropout_rate=0.1223,flip_prob=0.2991,l2_reg=0.0000,learning_rate=0.0001,rotate_prob=0.4912_2024-10-07_13-52-37/checkpoint_000015)
[36m(train_model pid=2203706)[0m Checkpoint successfully created at: Checkpoint(filesystem=local, path=/home/l.peiwang/ray_results/hyperparameter_tuning/train_model_518c0_00003_3_batch_size=8,dropout_rate=0.3635,flip_prob=0.3491,l2_reg=0.0000,learning_rate=0.0001,rotate_prob=0.3157_2024-10-07_13-52-37/checkpoint_000015)
[36m(train_model pid=2203704)[0m Checkpoint successfully created at: Checkpoint(filesystem=local, path=/home/l.peiwang/ray_results/hyperparameter_tuning/train_model_518c0_00001_1_batch_size=8,dropout_rate=0.1223,flip_prob=0.2991,l2_reg=0.0000,learning_rate=0.0001,rotate_prob=0.4912_2024-10-07_13-52-37/checkpoint_000016)[32m [repeated 2x across cluster][0m
[36m(train_model pid=2203706)[0m Checkpoint successfully created at: Checkpoint(filesystem=local, path=/home/l.peiwang/ray_results/hyperparameter_tuning/train_model_518c0_00003_3_batch_size=8,dropout_rate=0.3635,flip_prob=0.3491,l2_reg=0.0000,learning_rate=0.0001,rotate_prob=0.3157_2024-10-07_13-52-37/checkpoint_000016)
[36m(train_model pid=2203705)[0m Checkpoint successfully created at: Checkpoint(filesystem=local, path=/home/l.peiwang/ray_results/hyperparameter_tuning/train_model_518c0_00002_2_batch_size=8,dropout_rate=0.1263,flip_prob=0.3707,l2_reg=0.0000,learning_rate=0.0000,rotate_prob=0.0922_2024-10-07_13-52-37/checkpoint_000018)
[36m(train_model pid=2203704)[0m Checkpoint successfully created at: Checkpoint(filesystem=local, path=/home/l.peiwang/ray_results/hyperparameter_tuning/train_model_518c0_00001_1_batch_size=8,dropout_rate=0.1223,flip_prob=0.2991,l2_reg=0.0000,learning_rate=0.0001,rotate_prob=0.4912_2024-10-07_13-52-37/checkpoint_000017)
[36m(train_model pid=2203706)[0m Checkpoint successfully created at: Checkpoint(filesystem=local, path=/home/l.peiwang/ray_results/hyperparameter_tuning/train_model_518c0_00003_3_batch_size=8,dropout_rate=0.3635,flip_prob=0.3491,l2_reg=0.0000,learning_rate=0.0001,rotate_prob=0.3157_2024-10-07_13-52-37/checkpoint_000017)
[36m(train_model pid=2203704)[0m Checkpoint successfully created at: Checkpoint(filesystem=local, path=/home/l.peiwang/ray_results/hyperparameter_tuning/train_model_518c0_00001_1_batch_size=8,dropout_rate=0.1223,flip_prob=0.2991,l2_reg=0.0000,learning_rate=0.0001,rotate_prob=0.4912_2024-10-07_13-52-37/checkpoint_000018)[32m [repeated 2x across cluster][0m
[36m(train_model pid=2203706)[0m Checkpoint successfully created at: Checkpoint(filesystem=local, path=/home/l.peiwang/ray_results/hyperparameter_tuning/train_model_518c0_00003_3_batch_size=8,dropout_rate=0.3635,flip_prob=0.3491,l2_reg=0.0000,learning_rate=0.0001,rotate_prob=0.3157_2024-10-07_13-52-37/checkpoint_000018)
[36m(train_model pid=2203704)[0m Checkpoint successfully created at: Checkpoint(filesystem=local, path=/home/l.peiwang/ray_results/hyperparameter_tuning/train_model_518c0_00001_1_batch_size=8,dropout_rate=0.1223,flip_prob=0.2991,l2_reg=0.0000,learning_rate=0.0001,rotate_prob=0.4912_2024-10-07_13-52-37/checkpoint_000019)
[36m(train_model pid=2203706)[0m Checkpoint successfully created at: Checkpoint(filesystem=local, path=/home/l.peiwang/ray_results/hyperparameter_tuning/train_model_518c0_00003_3_batch_size=8,dropout_rate=0.3635,flip_prob=0.3491,l2_reg=0.0000,learning_rate=0.0001,rotate_prob=0.3157_2024-10-07_13-52-37/checkpoint_000019)
[36m(train_model pid=2203703)[0m Checkpoint successfully created at: Checkpoint(filesystem=local, path=/home/l.peiwang/ray_results/hyperparameter_tuning/train_model_518c0_00000_0_batch_size=8,dropout_rate=0.1255,flip_prob=0.2294,l2_reg=0.0000,learning_rate=0.0001,rotate_prob=0.4988_2024-10-07_13-52-37/checkpoint_000000)
[36m(train_model pid=2203703)[0m Checkpoint successfully created at: Checkpoint(filesystem=local, path=/home/l.peiwang/ray_results/hyperparameter_tuning/train_model_518c0_00000_0_batch_size=8,dropout_rate=0.1255,flip_prob=0.2294,l2_reg=0.0000,learning_rate=0.0001,rotate_prob=0.4988_2024-10-07_13-52-37/checkpoint_000001)
[36m(train_model pid=2203703)[0m Checkpoint successfully created at: Checkpoint(filesystem=local, path=/home/l.peiwang/ray_results/hyperparameter_tuning/train_model_518c0_00000_0_batch_size=8,dropout_rate=0.1255,flip_prob=0.2294,l2_reg=0.0000,learning_rate=0.0001,rotate_prob=0.4988_2024-10-07_13-52-37/checkpoint_000002)
[36m(train_model pid=2203703)[0m Checkpoint successfully created at: Checkpoint(filesystem=local, path=/home/l.peiwang/ray_results/hyperparameter_tuning/train_model_518c0_00000_0_batch_size=8,dropout_rate=0.1255,flip_prob=0.2294,l2_reg=0.0000,learning_rate=0.0001,rotate_prob=0.4988_2024-10-07_13-52-37/checkpoint_000003)
[36m(train_model pid=2203703)[0m Checkpoint successfully created at: Checkpoint(filesystem=local, path=/home/l.peiwang/ray_results/hyperparameter_tuning/train_model_518c0_00000_0_batch_size=8,dropout_rate=0.1255,flip_prob=0.2294,l2_reg=0.0000,learning_rate=0.0001,rotate_prob=0.4988_2024-10-07_13-52-37/checkpoint_000004)
